Arguments: 
  /Users/raine/.nvm/versions/node/v10.5.0/bin/node /usr/local/Cellar/yarn/1.9.4/libexec/bin/yarn.js init -f

PATH: 
  /usr/local/opt/ruby@2.3/bin:/Users/raine/.rubies/ruby-2.3.1/bin:/Users/raine/.rubies/ruby-2.3.1/lib/ruby/gems/2.3.0/bin:/Users/raine/.gem/ruby/2.3.1/bin:/usr/local/opt/ruby@2.3/bin:/Users/raine/.nvm/versions/node/v10.5.0/bin:/usr/local/bin:/usr/local/sbin:/usr/bin:/bin:/usr/sbin:/sbin:/Library/TeX/texbin:/Users/raine/.cargo/bin:/Users/raine/.local/bin:/Users/raine/perl5/bin:/Users/raine/.yarn/bin:/usr/local/opt/ruby@2.3/bin:/Users/raine/.rubies/ruby-2.3.1/bin:/Users/raine/.rubies/ruby-2.3.1/lib/ruby/gems/2.3.0/bin:/Users/raine/.gem/ruby/2.3.1/bin:/Users/raine/.nvm/versions/node/v10.5.0/bin:/Users/raine/go/bin:/Users/raine/bin:/usr/local/heroku/bin

Yarn version: 
  1.9.4

Node version: 
  10.5.0

Platform: 
  darwin x64

Trace: 
  Error: canceled
      at Interface.<anonymous> (/usr/local/Cellar/yarn/1.9.4/libexec/lib/cli.js:126002:13)
      at Interface.emit (events.js:182:13)
      at Interface._ttyWrite (readline.js:783:16)
      at ReadStream.onkeypress (readline.js:168:10)
      at ReadStream.emit (events.js:182:13)
      at emitKeys (internal/readline.js:422:14)
      at emitKeys.next (<anonymous>)
      at ReadStream.onData (readline.js:1022:36)
      at ReadStream.emit (events.js:182:13)
      at addChunk (_stream_readable.js:283:12)

npm manifest: 
  No manifest

yarn manifest: 
  No manifest

Lockfile: 
  No lockfile
